juin 24, 2019 10:47:32 AM logs.Application main
INFOS: Début de l'application
juin 24, 2019 10:47:32 AM logs.TestLog log
INFOS: Debut de la methode log
juin 24, 2019 10:47:32 AM logs.Application main
INFOS: Fin de l'application
juin 24, 2019 10:47:39 AM logs.Application main
INFOS: Début de l'application
juin 24, 2019 10:47:39 AM logs.TestLog log
INFOS: Debut de la methode log
juin 24, 2019 10:47:39 AM logs.Application main
INFOS: Fin de l'application
juin 24, 2019 10:52:56 AM logs.Application main
INFOS: Début de l'application
juin 24, 2019 10:52:56 AM logs.TestLog log
INFOS: Debut de la methode log
juin 24, 2019 10:52:56 AM logs.Application main
INFOS: Fin de l'application
juin 24, 2019 10:53:18 AM logs.Application main
INFOS: Début de l'application
juin 24, 2019 10:53:18 AM logs.TestLog log
INFOS: Debut de la methode log
juin 24, 2019 10:53:18 AM logs.Application main
INFOS: Fin de l'application

